{"numFailedTestSuites":0,"numFailedTests":0,"numPassedTestSuites":1,"numPassedTests":5,"numPendingTestSuites":0,"numPendingTests":0,"numRuntimeErrorTestSuites":0,"numTodoTests":0,"numTotalTestSuites":1,"numTotalTests":5,"openHandles":[],"snapshot":{"added":0,"didUpdate":false,"failure":false,"filesAdded":0,"filesRemoved":0,"filesRemovedList":[],"filesUnmatched":0,"filesUpdated":0,"matched":0,"total":0,"unchecked":0,"uncheckedKeysByFile":[],"unmatched":0,"updated":0},"startTime":1778023364276,"success":true,"testResults":[{"assertionResults":[{"ancestorTitles":["AudioProcessorService"],"duration":24,"failureDetails":[],"failureMessages":[],"fullName":"AudioProcessorService detects 0.2 Hz breathing and maps to LIGHT","invocations":1,"location":null,"numPassingAsserts":3,"retryReasons":[],"status":"passed","title":"detects 0.2 Hz breathing and maps to LIGHT"},{"ancestorTitles":["AudioProcessorService"],"duration":11,"failureDetails":[],"failureMessages":[],"fullName":"AudioProcessorService detects 0.14 Hz breathing and maps to DEEP","invocations":1,"location":null,"numPassingAsserts":2,"retryReasons":[],"status":"passed","title":"detects 0.14 Hz breathing and maps to DEEP"},{"ancestorTitles":["AudioProcessorService"],"duration":3,"failureDetails":[],"failureMessages":[],"fullName":"AudioProcessorService returns SIGNAL_LOST for silence","invocations":1,"location":null,"numPassingAsserts":1,"retryReasons":[],"status":"passed","title":"returns SIGNAL_LOST for silence"},{"ancestorTitles":["AudioProcessorService"],"duration":6,"failureDetails":[],"failureMessages":[],"fullName":"AudioProcessorService returns SIGNAL_LOST for movement spike","invocations":1,"location":null,"numPassingAsserts":1,"retryReasons":[],"status":"passed","title":"returns SIGNAL_LOST for movement spike"},{"ancestorTitles":["AudioProcessorService"],"duration":10,"failureDetails":[],"failureMessages":[],"fullName":"AudioProcessorService detects breathing in noisy environment","invocations":1,"location":null,"numPassingAsserts":2,"retryReasons":[],"status":"passed","title":"detects breathing in noisy environment"}],"endTime":1778023368143,"message":"","name":"/home/say/Documents/SomniSync/src/services/audio/__tests__/audioProcessor.test.ts","startTime":1778023364798,"status":"passed","summary":""}],"wasInterrupted":false}
